

Microchip MPLAB XC8 Assembler V2.31 build 20201012212115 
                                                                                               Fri Aug 06 12:48:36 2021

Microchip MPLAB XC8 C Compiler v2.31 (Free license) build 20201012212115 Og1 
     1                           	processor	16F887
     2                           	pagewidth 120
     3                           	opt	flic
     4                           	psect	cinit,global,class=CODE,merge=1,delta=2
     5                           	psect	cstackCOMMON,global,class=COMMON,space=1,delta=1,noexec
     6                           	psect	cstackBANK0,global,class=BANK0,space=1,delta=1,noexec
     7                           	psect	maintext,global,class=CODE,split=1,delta=2
     8                           	psect	text1,local,class=CODE,merge=1,delta=2
     9                           	psect	text2,local,class=CODE,merge=1,delta=2
    10                           	psect	text3,local,class=CODE,merge=1,delta=2
    11                           	psect	text4,local,class=CODE,merge=1,delta=2
    12                           	psect	text5,local,class=CODE,merge=1,delta=2
    13                           	psect	text6,local,class=CODE,merge=1,delta=2
    14                           	psect	text7,local,class=CODE,merge=1,delta=2,group=1
    15                           	psect	config,global,abs,ovrld,class=CONFIG,space=4,delta=2,noexec
    16                           	dabs	1,0x7E,2
    17  0000                     
    18                           ; Version 2.20
    19                           ; Generated 12/02/2020 GMT
    20                           ; 
    21                           ; Copyright © 2020, Microchip Technology Inc. and its subsidiaries ("Microchip")
    22                           ; All rights reserved.
    23                           ; 
    24                           ; This software is developed by Microchip Technology Inc. and its subsidiaries ("Microch
      +                          ip").
    25                           ; 
    26                           ; Redistribution and use in source and binary forms, with or without modification, are
    27                           ; permitted provided that the following conditions are met:
    28                           ; 
    29                           ;     1. Redistributions of source code must retain the above copyright notice, this lis
      +                          t of
    30                           ;        conditions and the following disclaimer.
    31                           ; 
    32                           ;     2. Redistributions in binary form must reproduce the above copyright notice, this 
      +                          list
    33                           ;        of conditions and the following disclaimer in the documentation and/or other
    34                           ;        materials provided with the distribution.
    35                           ; 
    36                           ;     3. Microchip's name may not be used to endorse or promote products derived from th
      +                          is
    37                           ;        software without specific prior written permission.
    38                           ; 
    39                           ; THIS SOFTWARE IS PROVIDED BY MICROCHIP "AS IS" AND ANY EXPRESS OR IMPLIED WARRANTIES,
    40                           ; INCLUDING, BUT NOT LIMITED TO, THE IMPLIED WARRANTIES OF MERCHANTABILITY AND FITNESS F
      +                          OR
    41                           ; PURPOSE ARE DISCLAIMED.  IN NO EVENT SHALL MICROCHIP BE LIABLE FOR ANY DIRECT, INDIREC
      +                          T,
    42                           ; INCIDENTAL, SPECIAL, EXEMPLARY, OR CONSEQUENTIAL DAMAGES (INCLUDING BUT NOT LIMITED TO
    43                           ; PROCUREMENT OF SUBSTITUTE GOODS OR SERVICES; LOSS OF USE, DATA OR PROFITS; OR BUSINESS
    44                           ; INTERRUPTION) HOWSOEVER CAUSED AND ON ANY THEORY OF LIABILITY, WHETHER IN CONTRACT, ST
      +                          RICT
    45                           ; LIABILITY, OR TORT (INCLUDING NEGLIGENCE OR OTHERWISE) ARISING IN ANY WAY OUT OF THE U
      +                          SE OF
    46                           ; THIS SOFTWARE, EVEN IF ADVISED OF THE POSSIBILITY OF SUCH DAMAGE.
    47                           ; 
    48                           ; 
    49                           ; Code-generator required, PIC16F887 Definitions
    50                           ; 
    51                           ; SFR Addresses
    52  0000                     	;# 
    53  0001                     	;# 
    54  0002                     	;# 
    55  0003                     	;# 
    56  0004                     	;# 
    57  0005                     	;# 
    58  0006                     	;# 
    59  0007                     	;# 
    60  0008                     	;# 
    61  0009                     	;# 
    62  000A                     	;# 
    63  000B                     	;# 
    64  000C                     	;# 
    65  000D                     	;# 
    66  000E                     	;# 
    67  000E                     	;# 
    68  000F                     	;# 
    69  0010                     	;# 
    70  0011                     	;# 
    71  0012                     	;# 
    72  0013                     	;# 
    73  0014                     	;# 
    74  0015                     	;# 
    75  0015                     	;# 
    76  0016                     	;# 
    77  0017                     	;# 
    78  0018                     	;# 
    79  0019                     	;# 
    80  001A                     	;# 
    81  001B                     	;# 
    82  001B                     	;# 
    83  001C                     	;# 
    84  001D                     	;# 
    85  001E                     	;# 
    86  001F                     	;# 
    87  0081                     	;# 
    88  0085                     	;# 
    89  0086                     	;# 
    90  0087                     	;# 
    91  0088                     	;# 
    92  0089                     	;# 
    93  008C                     	;# 
    94  008D                     	;# 
    95  008E                     	;# 
    96  008F                     	;# 
    97  0090                     	;# 
    98  0091                     	;# 
    99  0092                     	;# 
   100  0093                     	;# 
   101  0093                     	;# 
   102  0093                     	;# 
   103  0094                     	;# 
   104  0095                     	;# 
   105  0096                     	;# 
   106  0097                     	;# 
   107  0098                     	;# 
   108  0099                     	;# 
   109  009A                     	;# 
   110  009B                     	;# 
   111  009C                     	;# 
   112  009D                     	;# 
   113  009E                     	;# 
   114  009F                     	;# 
   115  0105                     	;# 
   116  0107                     	;# 
   117  0108                     	;# 
   118  0109                     	;# 
   119  010C                     	;# 
   120  010C                     	;# 
   121  010D                     	;# 
   122  010E                     	;# 
   123  010F                     	;# 
   124  0185                     	;# 
   125  0187                     	;# 
   126  0188                     	;# 
   127  0189                     	;# 
   128  018C                     	;# 
   129  018D                     	;# 
   130  0000                     	;# 
   131  0001                     	;# 
   132  0002                     	;# 
   133  0003                     	;# 
   134  0004                     	;# 
   135  0005                     	;# 
   136  0006                     	;# 
   137  0007                     	;# 
   138  0008                     	;# 
   139  0009                     	;# 
   140  000A                     	;# 
   141  000B                     	;# 
   142  000C                     	;# 
   143  000D                     	;# 
   144  000E                     	;# 
   145  000E                     	;# 
   146  000F                     	;# 
   147  0010                     	;# 
   148  0011                     	;# 
   149  0012                     	;# 
   150  0013                     	;# 
   151  0014                     	;# 
   152  0015                     	;# 
   153  0015                     	;# 
   154  0016                     	;# 
   155  0017                     	;# 
   156  0018                     	;# 
   157  0019                     	;# 
   158  001A                     	;# 
   159  001B                     	;# 
   160  001B                     	;# 
   161  001C                     	;# 
   162  001D                     	;# 
   163  001E                     	;# 
   164  001F                     	;# 
   165  0081                     	;# 
   166  0085                     	;# 
   167  0086                     	;# 
   168  0087                     	;# 
   169  0088                     	;# 
   170  0089                     	;# 
   171  008C                     	;# 
   172  008D                     	;# 
   173  008E                     	;# 
   174  008F                     	;# 
   175  0090                     	;# 
   176  0091                     	;# 
   177  0092                     	;# 
   178  0093                     	;# 
   179  0093                     	;# 
   180  0093                     	;# 
   181  0094                     	;# 
   182  0095                     	;# 
   183  0096                     	;# 
   184  0097                     	;# 
   185  0098                     	;# 
   186  0099                     	;# 
   187  009A                     	;# 
   188  009B                     	;# 
   189  009C                     	;# 
   190  009D                     	;# 
   191  009E                     	;# 
   192  009F                     	;# 
   193  0105                     	;# 
   194  0107                     	;# 
   195  0108                     	;# 
   196  0109                     	;# 
   197  010C                     	;# 
   198  010C                     	;# 
   199  010D                     	;# 
   200  010E                     	;# 
   201  010F                     	;# 
   202  0185                     	;# 
   203  0187                     	;# 
   204  0188                     	;# 
   205  0189                     	;# 
   206  018C                     	;# 
   207  018D                     	;# 
   208  0000                     	;# 
   209  0001                     	;# 
   210  0002                     	;# 
   211  0003                     	;# 
   212  0004                     	;# 
   213  0005                     	;# 
   214  0006                     	;# 
   215  0007                     	;# 
   216  0008                     	;# 
   217  0009                     	;# 
   218  000A                     	;# 
   219  000B                     	;# 
   220  000C                     	;# 
   221  000D                     	;# 
   222  000E                     	;# 
   223  000E                     	;# 
   224  000F                     	;# 
   225  0010                     	;# 
   226  0011                     	;# 
   227  0012                     	;# 
   228  0013                     	;# 
   229  0014                     	;# 
   230  0015                     	;# 
   231  0015                     	;# 
   232  0016                     	;# 
   233  0017                     	;# 
   234  0018                     	;# 
   235  0019                     	;# 
   236  001A                     	;# 
   237  001B                     	;# 
   238  001B                     	;# 
   239  001C                     	;# 
   240  001D                     	;# 
   241  001E                     	;# 
   242  001F                     	;# 
   243  0081                     	;# 
   244  0085                     	;# 
   245  0086                     	;# 
   246  0087                     	;# 
   247  0088                     	;# 
   248  0089                     	;# 
   249  008C                     	;# 
   250  008D                     	;# 
   251  008E                     	;# 
   252  008F                     	;# 
   253  0090                     	;# 
   254  0091                     	;# 
   255  0092                     	;# 
   256  0093                     	;# 
   257  0093                     	;# 
   258  0093                     	;# 
   259  0094                     	;# 
   260  0095                     	;# 
   261  0096                     	;# 
   262  0097                     	;# 
   263  0098                     	;# 
   264  0099                     	;# 
   265  009A                     	;# 
   266  009B                     	;# 
   267  009C                     	;# 
   268  009D                     	;# 
   269  009E                     	;# 
   270  009F                     	;# 
   271  0105                     	;# 
   272  0107                     	;# 
   273  0108                     	;# 
   274  0109                     	;# 
   275  010C                     	;# 
   276  010C                     	;# 
   277  010D                     	;# 
   278  010E                     	;# 
   279  010F                     	;# 
   280  0185                     	;# 
   281  0187                     	;# 
   282  0188                     	;# 
   283  0189                     	;# 
   284  018C                     	;# 
   285  018D                     	;# 
   286  0013                     _SSPBUF	set	19
   287  0014                     _SSPCON	set	20
   288  0006                     _PORTB	set	6
   289  0063                     _SSPIF	set	99
   290  005E                     _PEIE	set	94
   291  005F                     _GIE	set	95
   292  0091                     _SSPCON2bits	set	145
   293  0087                     _TRISCbits	set	135
   294  0094                     _SSPSTAT	set	148
   295  0093                     _SSPADD	set	147
   296  0091                     _SSPCON2	set	145
   297  0086                     _TRISB	set	134
   298  0463                     _SSPIE	set	1123
   299  043C                     _TRISC4	set	1084
   300  043B                     _TRISC3	set	1083
   301  0189                     _ANSELH	set	393
   302  0188                     _ANSEL	set	392
   303                           
   304                           	psect	cinit
   305  07FC                     start_initialization:	
   306                           ; #config settings
   307                           
   308  07FC                     __initialization:
   309  07FC                     end_of_initialization:	
   310                           ;End of C runtime variable initialization code
   311                           
   312  07FC                     __end_of__initialization:
   313  07FC  0183               	clrf	3
   314  07FD  120A  118A  2F4D   	ljmp	_main	;jump to C main() function
   315                           
   316                           	psect	cstackCOMMON
   317  0070                     __pcstackCOMMON:
   318  0070                     ?_I2C_Master_Start:
   319  0070                     ??_I2C_Master_Start:	
   320                           ; 1 bytes @ 0x0
   321                           
   322  0070                     ?_I2C_Master_Write:	
   323                           ; 1 bytes @ 0x0
   324                           
   325  0070                     ?_I2C_Master_Stop:	
   326                           ; 1 bytes @ 0x0
   327                           
   328  0070                     ??_I2C_Master_Stop:	
   329                           ; 1 bytes @ 0x0
   330                           
   331  0070                     ?_main:	
   332                           ; 1 bytes @ 0x0
   333                           
   334  0070                     ?_I2C_Master_Wait:	
   335                           ; 1 bytes @ 0x0
   336                           
   337  0070                     ??_I2C_Master_Wait:	
   338                           ; 1 bytes @ 0x0
   339                           
   340  0070                     ?_I2C_Master_Read:	
   341                           ; 1 bytes @ 0x0
   342                           
   343  0070                     ?___lldiv:	
   344                           ; 2 bytes @ 0x0
   345                           
   346  0070                     I2C_Master_Write@d:	
   347                           ; 4 bytes @ 0x0
   348                           
   349  0070                     I2C_Master_Read@a:	
   350                           ; 2 bytes @ 0x0
   351                           
   352  0070                     ___lldiv@divisor:	
   353                           ; 2 bytes @ 0x0
   354                           
   355                           
   356                           ; 4 bytes @ 0x0
   357  0070                     	ds	2
   358  0072                     ??_I2C_Master_Write:
   359  0072                     ??_I2C_Master_Read:	
   360                           ; 1 bytes @ 0x2
   361                           
   362                           
   363                           ; 1 bytes @ 0x2
   364  0072                     	ds	2
   365  0074                     I2C_Master_Read@temp:
   366  0074                     ___lldiv@dividend:	
   367                           ; 2 bytes @ 0x4
   368                           
   369                           
   370                           ; 4 bytes @ 0x4
   371  0074                     	ds	4
   372  0078                     ??___lldiv:
   373                           
   374                           ; 1 bytes @ 0x8
   375  0078                     	ds	1
   376  0079                     ___lldiv@quotient:
   377                           
   378                           ; 4 bytes @ 0x9
   379  0079                     	ds	4
   380  007D                     ___lldiv@counter:
   381                           
   382                           ; 1 bytes @ 0xD
   383  007D                     	ds	1
   384                           
   385                           	psect	cstackBANK0
   386  0020                     __pcstackBANK0:
   387  0020                     ?_I2C_Master_Init:
   388  0020                     I2C_Master_Init@c:	
   389                           ; 1 bytes @ 0x0
   390                           
   391                           
   392                           ; 4 bytes @ 0x0
   393  0020                     	ds	4
   394  0024                     ??_I2C_Master_Init:
   395                           
   396                           ; 1 bytes @ 0x4
   397  0024                     	ds	4
   398  0028                     ??_main:
   399                           
   400                           ; 1 bytes @ 0x8
   401  0028                     	ds	3
   402                           
   403                           	psect	maintext
   404  074D                     __pmaintext:	
   405 ;;
   406 ;;Main: autosize = 0, tempsize = 3, incstack = 0, save=0
   407 ;;
   408 ;; *************** function _main *****************
   409 ;; Defined at:
   410 ;;		line 32 in file "main_M.c"
   411 ;; Parameters:    Size  Location     Type
   412 ;;		None
   413 ;; Auto vars:     Size  Location     Type
   414 ;;		None
   415 ;; Return value:  Size  Location     Type
   416 ;;                  1    wreg      void 
   417 ;; Registers used:
   418 ;;		wreg, status,2, status,0, pclath, cstack
   419 ;; Tracked objects:
   420 ;;		On entry : B00/0
   421 ;;		On exit  : 0/0
   422 ;;		Unchanged: 0/0
   423 ;; Data sizes:     COMMON   BANK0   BANK1   BANK3   BANK2
   424 ;;      Params:         0       0       0       0       0
   425 ;;      Locals:         0       0       0       0       0
   426 ;;      Temps:          0       3       0       0       0
   427 ;;      Totals:         0       3       0       0       0
   428 ;;Total ram usage:        3 bytes
   429 ;; Hardware stack levels required when called:    2
   430 ;; This function calls:
   431 ;;		_I2C_Master_Init
   432 ;;		_I2C_Master_Read
   433 ;;		_I2C_Master_Start
   434 ;;		_I2C_Master_Stop
   435 ;;		_I2C_Master_Write
   436 ;; This function is called by:
   437 ;;		Startup code after reset
   438 ;; This function uses a non-reentrant model
   439 ;;
   440                           
   441                           
   442                           ;psect for function _main
   443  074D                     _main:
   444  074D                     l831:	
   445                           ;incstack = 0
   446                           ; Regs used in _main: [wreg+status,2+status,0+pclath+cstack]
   447                           
   448                           
   449                           ;main_M.c: 34:     ANSEL = 0;
   450  074D  1683               	bsf	3,5	;RP0=1, select bank3
   451  074E  1703               	bsf	3,6	;RP1=1, select bank3
   452  074F  0188               	clrf	8	;volatile
   453                           
   454                           ;main_M.c: 35:     ANSELH = 0;
   455  0750  0189               	clrf	9	;volatile
   456                           
   457                           ;main_M.c: 36:     TRISB = 0;
   458  0751  1683               	bsf	3,5	;RP0=1, select bank1
   459  0752  1303               	bcf	3,6	;RP1=0, select bank1
   460  0753  0186               	clrf	6	;volatile
   461                           
   462                           ;main_M.c: 37:     PORTB = 0;
   463  0754  1283               	bcf	3,5	;RP0=0, select bank0
   464  0755  1303               	bcf	3,6	;RP1=0, select bank0
   465  0756  0186               	clrf	6	;volatile
   466  0757                     l833:
   467                           
   468                           ;main_M.c: 39:     I2C_Master_Init(100000);
   469  0757  3000               	movlw	0
   470  0758  00A3               	movwf	I2C_Master_Init@c+3
   471  0759  3001               	movlw	1
   472  075A  00A2               	movwf	I2C_Master_Init@c+2
   473  075B  3086               	movlw	134
   474  075C  00A1               	movwf	I2C_Master_Init@c+1
   475  075D  30A0               	movlw	160
   476  075E  00A0               	movwf	I2C_Master_Init@c
   477  075F  120A  118A  2715  120A  118A  	fcall	_I2C_Master_Init
   478  0764                     l835:
   479                           
   480                           ;main_M.c: 42:         I2C_Master_Start();
   481  0764  120A  118A  26BE  120A  118A  	fcall	_I2C_Master_Start
   482  0769                     l837:
   483                           
   484                           ;main_M.c: 43:         I2C_Master_Write(0x51);
   485  0769  3051               	movlw	81
   486  076A  00F0               	movwf	I2C_Master_Write@d
   487  076B  3000               	movlw	0
   488  076C  00F1               	movwf	I2C_Master_Write@d+1
   489  076D  120A  118A  26D0  120A  118A  	fcall	_I2C_Master_Write
   490  0772                     l839:
   491                           
   492                           ;main_M.c: 44:         PORTB = I2C_Master_Read(0);
   493  0772  3000               	movlw	0
   494  0773  00F0               	movwf	I2C_Master_Read@a
   495  0774  00F1               	movwf	I2C_Master_Read@a+1
   496  0775  120A  118A  26E7  120A  118A  	fcall	_I2C_Master_Read
   497  077A  0870               	movf	?_I2C_Master_Read,w
   498  077B  1283               	bcf	3,5	;RP0=0, select bank0
   499  077C  1303               	bcf	3,6	;RP1=0, select bank0
   500  077D  0086               	movwf	6	;volatile
   501  077E                     l841:
   502                           
   503                           ;main_M.c: 45:         I2C_Master_Stop();
   504  077E  120A  118A  26C7  120A  118A  	fcall	_I2C_Master_Stop
   505  0783                     l843:
   506                           
   507                           ;main_M.c: 46:         _delay((unsigned long)((200)*(4000000/4000.0)));
   508  0783  3002               	movlw	2
   509  0784  1283               	bcf	3,5	;RP0=0, select bank0
   510  0785  1303               	bcf	3,6	;RP1=0, select bank0
   511  0786  00AA               	movwf	??_main+2
   512  0787  3004               	movlw	4
   513  0788  00A9               	movwf	??_main+1
   514  0789  30B9               	movlw	185
   515  078A  00A8               	movwf	??_main
   516  078B                     u217:
   517  078B  0BA8               	decfsz	??_main,f
   518  078C  2F8B               	goto	u217
   519  078D  0BA9               	decfsz	??_main+1,f
   520  078E  2F8B               	goto	u217
   521  078F  0BAA               	decfsz	??_main+2,f
   522  0790  2F8B               	goto	u217
   523  0791  2F92               	nop2
   524  0792  2F64               	goto	l835
   525  0793  120A  118A  2800   	ljmp	start
   526  0796                     __end_of_main:
   527                           
   528                           	psect	text1
   529  06D0                     __ptext1:	
   530 ;; *************** function _I2C_Master_Write *****************
   531 ;; Defined at:
   532 ;;		line 65 in file "I2C.c"
   533 ;; Parameters:    Size  Location     Type
   534 ;;  d               2    0[COMMON] unsigned int 
   535 ;; Auto vars:     Size  Location     Type
   536 ;;		None
   537 ;; Return value:  Size  Location     Type
   538 ;;                  1    wreg      void 
   539 ;; Registers used:
   540 ;;		wreg, status,2, status,0, pclath, cstack
   541 ;; Tracked objects:
   542 ;;		On entry : 0/0
   543 ;;		On exit  : 0/0
   544 ;;		Unchanged: 0/0
   545 ;; Data sizes:     COMMON   BANK0   BANK1   BANK3   BANK2
   546 ;;      Params:         2       0       0       0       0
   547 ;;      Locals:         0       0       0       0       0
   548 ;;      Temps:          0       0       0       0       0
   549 ;;      Totals:         2       0       0       0       0
   550 ;;Total ram usage:        2 bytes
   551 ;; Hardware stack levels used:    1
   552 ;; Hardware stack levels required when called:    1
   553 ;; This function calls:
   554 ;;		_I2C_Master_Wait
   555 ;; This function is called by:
   556 ;;		_main
   557 ;; This function uses a non-reentrant model
   558 ;;
   559                           
   560                           
   561                           ;psect for function _I2C_Master_Write
   562  06D0                     _I2C_Master_Write:
   563  06D0                     l811:	
   564                           ;incstack = 0
   565                           ; Regs used in _I2C_Master_Write: [wreg+status,2+status,0+pclath+cstack]
   566                           
   567                           
   568                           ;I2C.c: 65: void I2C_Master_Write(unsigned d);I2C.c: 66: {;I2C.c: 67:     I2C_Master_Wai
      +                          t();
   569  06D0  120A  118A  26DA  120A  118A  	fcall	_I2C_Master_Wait
   570  06D5                     l813:
   571                           
   572                           ;I2C.c: 68:     SSPBUF = d;
   573  06D5  0870               	movf	I2C_Master_Write@d,w
   574  06D6  1283               	bcf	3,5	;RP0=0, select bank0
   575  06D7  1303               	bcf	3,6	;RP1=0, select bank0
   576  06D8  0093               	movwf	19	;volatile
   577  06D9                     l75:
   578  06D9  0008               	return
   579  06DA                     __end_of_I2C_Master_Write:
   580                           
   581                           	psect	text2
   582  06C7                     __ptext2:	
   583 ;; *************** function _I2C_Master_Stop *****************
   584 ;; Defined at:
   585 ;;		line 55 in file "I2C.c"
   586 ;; Parameters:    Size  Location     Type
   587 ;;		None
   588 ;; Auto vars:     Size  Location     Type
   589 ;;		None
   590 ;; Return value:  Size  Location     Type
   591 ;;                  1    wreg      void 
   592 ;; Registers used:
   593 ;;		wreg, status,2, status,0, pclath, cstack
   594 ;; Tracked objects:
   595 ;;		On entry : 0/0
   596 ;;		On exit  : 0/0
   597 ;;		Unchanged: 0/0
   598 ;; Data sizes:     COMMON   BANK0   BANK1   BANK3   BANK2
   599 ;;      Params:         0       0       0       0       0
   600 ;;      Locals:         0       0       0       0       0
   601 ;;      Temps:          0       0       0       0       0
   602 ;;      Totals:         0       0       0       0       0
   603 ;;Total ram usage:        0 bytes
   604 ;; Hardware stack levels used:    1
   605 ;; Hardware stack levels required when called:    1
   606 ;; This function calls:
   607 ;;		_I2C_Master_Wait
   608 ;; This function is called by:
   609 ;;		_main
   610 ;; This function uses a non-reentrant model
   611 ;;
   612                           
   613                           
   614                           ;psect for function _I2C_Master_Stop
   615  06C7                     _I2C_Master_Stop:
   616  06C7                     l739:	
   617                           ;incstack = 0
   618                           ; Regs used in _I2C_Master_Stop: [wreg+status,2+status,0+pclath+cstack]
   619                           
   620                           
   621                           ;I2C.c: 57:     I2C_Master_Wait();
   622  06C7  120A  118A  26DA  120A  118A  	fcall	_I2C_Master_Wait
   623  06CC                     l741:
   624                           
   625                           ;I2C.c: 58:     SSPCON2bits.PEN = 1;
   626  06CC  1683               	bsf	3,5	;RP0=1, select bank1
   627  06CD  1303               	bcf	3,6	;RP1=0, select bank1
   628  06CE  1511               	bsf	17,2	;volatile
   629  06CF                     l72:
   630  06CF  0008               	return
   631  06D0                     __end_of_I2C_Master_Stop:
   632                           
   633                           	psect	text3
   634  06BE                     __ptext3:	
   635 ;; *************** function _I2C_Master_Start *****************
   636 ;; Defined at:
   637 ;;		line 39 in file "I2C.c"
   638 ;; Parameters:    Size  Location     Type
   639 ;;		None
   640 ;; Auto vars:     Size  Location     Type
   641 ;;		None
   642 ;; Return value:  Size  Location     Type
   643 ;;                  1    wreg      void 
   644 ;; Registers used:
   645 ;;		wreg, status,2, status,0, pclath, cstack
   646 ;; Tracked objects:
   647 ;;		On entry : 0/0
   648 ;;		On exit  : 0/0
   649 ;;		Unchanged: 0/0
   650 ;; Data sizes:     COMMON   BANK0   BANK1   BANK3   BANK2
   651 ;;      Params:         0       0       0       0       0
   652 ;;      Locals:         0       0       0       0       0
   653 ;;      Temps:          0       0       0       0       0
   654 ;;      Totals:         0       0       0       0       0
   655 ;;Total ram usage:        0 bytes
   656 ;; Hardware stack levels used:    1
   657 ;; Hardware stack levels required when called:    1
   658 ;; This function calls:
   659 ;;		_I2C_Master_Wait
   660 ;; This function is called by:
   661 ;;		_main
   662 ;; This function uses a non-reentrant model
   663 ;;
   664                           
   665                           
   666                           ;psect for function _I2C_Master_Start
   667  06BE                     _I2C_Master_Start:
   668  06BE                     l715:	
   669                           ;incstack = 0
   670                           ; Regs used in _I2C_Master_Start: [wreg+status,2+status,0+pclath+cstack]
   671                           
   672                           
   673                           ;I2C.c: 41:     I2C_Master_Wait();
   674  06BE  120A  118A  26DA  120A  118A  	fcall	_I2C_Master_Wait
   675  06C3                     l717:
   676                           
   677                           ;I2C.c: 42:     SSPCON2bits.SEN = 1;
   678  06C3  1683               	bsf	3,5	;RP0=1, select bank1
   679  06C4  1303               	bcf	3,6	;RP1=0, select bank1
   680  06C5  1411               	bsf	17,0	;volatile
   681  06C6                     l66:
   682  06C6  0008               	return
   683  06C7                     __end_of_I2C_Master_Start:
   684                           
   685                           	psect	text4
   686  06E7                     __ptext4:	
   687 ;; *************** function _I2C_Master_Read *****************
   688 ;; Defined at:
   689 ;;		line 74 in file "I2C.c"
   690 ;; Parameters:    Size  Location     Type
   691 ;;  a               2    0[COMMON] unsigned short 
   692 ;; Auto vars:     Size  Location     Type
   693 ;;  temp            2    4[COMMON] unsigned short 
   694 ;; Return value:  Size  Location     Type
   695 ;;                  2    0[COMMON] unsigned short 
   696 ;; Registers used:
   697 ;;		wreg, status,2, status,0, pclath, cstack
   698 ;; Tracked objects:
   699 ;;		On entry : 0/0
   700 ;;		On exit  : 0/0
   701 ;;		Unchanged: 0/0
   702 ;; Data sizes:     COMMON   BANK0   BANK1   BANK3   BANK2
   703 ;;      Params:         2       0       0       0       0
   704 ;;      Locals:         2       0       0       0       0
   705 ;;      Temps:          2       0       0       0       0
   706 ;;      Totals:         6       0       0       0       0
   707 ;;Total ram usage:        6 bytes
   708 ;; Hardware stack levels used:    1
   709 ;; Hardware stack levels required when called:    1
   710 ;; This function calls:
   711 ;;		_I2C_Master_Wait
   712 ;; This function is called by:
   713 ;;		_main
   714 ;; This function uses a non-reentrant model
   715 ;;
   716                           
   717                           
   718                           ;psect for function _I2C_Master_Read
   719  06E7                     _I2C_Master_Read:
   720  06E7                     l815:	
   721                           ;incstack = 0
   722                           ; Regs used in _I2C_Master_Read: [wreg+status,2+status,0+pclath+cstack]
   723                           
   724                           
   725                           ;I2C.c: 74: unsigned short I2C_Master_Read(unsigned short a);I2C.c: 75: {;I2C.c: 76:    
      +                           unsigned short temp;;I2C.c: 77:     I2C_Master_Wait();
   726  06E7  120A  118A  26DA  120A  118A  	fcall	_I2C_Master_Wait
   727  06EC                     l817:
   728                           
   729                           ;I2C.c: 78:     SSPCON2bits.RCEN = 1;
   730  06EC  1683               	bsf	3,5	;RP0=1, select bank1
   731  06ED  1303               	bcf	3,6	;RP1=0, select bank1
   732  06EE  1591               	bsf	17,3	;volatile
   733                           
   734                           ;I2C.c: 79:     I2C_Master_Wait();
   735  06EF  120A  118A  26DA  120A  118A  	fcall	_I2C_Master_Wait
   736  06F4                     l819:
   737                           
   738                           ;I2C.c: 80:     temp = SSPBUF;
   739  06F4  1283               	bcf	3,5	;RP0=0, select bank0
   740  06F5  1303               	bcf	3,6	;RP1=0, select bank0
   741  06F6  0813               	movf	19,w	;volatile
   742  06F7  00F2               	movwf	??_I2C_Master_Read
   743  06F8  01F3               	clrf	??_I2C_Master_Read+1
   744  06F9  0872               	movf	??_I2C_Master_Read,w
   745  06FA  00F4               	movwf	I2C_Master_Read@temp
   746  06FB  0873               	movf	??_I2C_Master_Read+1,w
   747  06FC  00F5               	movwf	I2C_Master_Read@temp+1
   748  06FD                     l821:
   749                           
   750                           ;I2C.c: 81:     I2C_Master_Wait();
   751  06FD  120A  118A  26DA  120A  118A  	fcall	_I2C_Master_Wait
   752  0702                     l823:
   753                           
   754                           ;I2C.c: 82:     if(a == 1){
   755  0702  0370               	decf	I2C_Master_Read@a,w
   756  0703  0471               	iorwf	I2C_Master_Read@a+1,w
   757  0704  1D03               	btfss	3,2
   758  0705  2F07               	goto	u201
   759  0706  2F08               	goto	u200
   760  0707                     u201:
   761  0707  2F0C               	goto	l78
   762  0708                     u200:
   763  0708                     l825:
   764                           
   765                           ;I2C.c: 83:         SSPCON2bits.ACKDT = 0;
   766  0708  1683               	bsf	3,5	;RP0=1, select bank1
   767  0709  1303               	bcf	3,6	;RP1=0, select bank1
   768  070A  1291               	bcf	17,5	;volatile
   769                           
   770                           ;I2C.c: 84:     }else{
   771  070B  2F0F               	goto	l79
   772  070C                     l78:
   773                           
   774                           ;I2C.c: 85:         SSPCON2bits.ACKDT = 1;
   775  070C  1683               	bsf	3,5	;RP0=1, select bank1
   776  070D  1303               	bcf	3,6	;RP1=0, select bank1
   777  070E  1691               	bsf	17,5	;volatile
   778  070F                     l79:	
   779                           ;I2C.c: 86:     }
   780                           
   781                           
   782                           ;I2C.c: 87:     SSPCON2bits.ACKEN = 1;
   783  070F  1611               	bsf	17,4	;volatile
   784  0710                     l827:
   785                           
   786                           ;I2C.c: 88:     return temp;
   787  0710  0875               	movf	I2C_Master_Read@temp+1,w
   788  0711  00F1               	movwf	?_I2C_Master_Read+1
   789  0712  0874               	movf	I2C_Master_Read@temp,w
   790  0713  00F0               	movwf	?_I2C_Master_Read
   791  0714                     l80:
   792  0714  0008               	return
   793  0715                     __end_of_I2C_Master_Read:
   794                           
   795                           	psect	text5
   796  06DA                     __ptext5:	
   797 ;; *************** function _I2C_Master_Wait *****************
   798 ;; Defined at:
   799 ;;		line 32 in file "I2C.c"
   800 ;; Parameters:    Size  Location     Type
   801 ;;		None
   802 ;; Auto vars:     Size  Location     Type
   803 ;;		None
   804 ;; Return value:  Size  Location     Type
   805 ;;                  1    wreg      void 
   806 ;; Registers used:
   807 ;;		wreg, status,2
   808 ;; Tracked objects:
   809 ;;		On entry : 0/0
   810 ;;		On exit  : 0/0
   811 ;;		Unchanged: 0/0
   812 ;; Data sizes:     COMMON   BANK0   BANK1   BANK3   BANK2
   813 ;;      Params:         0       0       0       0       0
   814 ;;      Locals:         0       0       0       0       0
   815 ;;      Temps:          0       0       0       0       0
   816 ;;      Totals:         0       0       0       0       0
   817 ;;Total ram usage:        0 bytes
   818 ;; Hardware stack levels used:    1
   819 ;; This function calls:
   820 ;;		Nothing
   821 ;; This function is called by:
   822 ;;		_I2C_Master_Start
   823 ;;		_I2C_Master_Stop
   824 ;;		_I2C_Master_Write
   825 ;;		_I2C_Master_Read
   826 ;;		_I2C_Master_RepeatedStart
   827 ;; This function uses a non-reentrant model
   828 ;;
   829                           
   830                           
   831                           ;psect for function _I2C_Master_Wait
   832  06DA                     _I2C_Master_Wait:
   833  06DA                     l675:	
   834                           ;incstack = 0
   835                           ; Regs used in _I2C_Master_Wait: [wreg+status,2]
   836                           
   837  06DA                     l60:	
   838                           ;I2C.c: 34:     while ((SSPSTAT & 0x04) || (SSPCON2 & 0x1F));
   839                           
   840  06DA  1683               	bsf	3,5	;RP0=1, select bank1
   841  06DB  1303               	bcf	3,6	;RP1=0, select bank1
   842  06DC  1914               	btfsc	20,2	;volatile
   843  06DD  2EDF               	goto	u11
   844  06DE  2EE0               	goto	u10
   845  06DF                     u11:
   846  06DF  2EDA               	goto	l60
   847  06E0                     u10:
   848  06E0                     l677:
   849  06E0  0811               	movf	17,w	;volatile
   850  06E1  391F               	andlw	31
   851  06E2  1D03               	btfss	3,2
   852  06E3  2EE5               	goto	u21
   853  06E4  2EE6               	goto	u20
   854  06E5                     u21:
   855  06E5  2EDA               	goto	l60
   856  06E6                     u20:
   857  06E6                     l63:
   858  06E6  0008               	return
   859  06E7                     __end_of_I2C_Master_Wait:
   860                           
   861                           	psect	text6
   862  0715                     __ptext6:	
   863 ;; *************** function _I2C_Master_Init *****************
   864 ;; Defined at:
   865 ;;		line 16 in file "I2C.c"
   866 ;; Parameters:    Size  Location     Type
   867 ;;  c               4    0[BANK0 ] const unsigned long 
   868 ;; Auto vars:     Size  Location     Type
   869 ;;		None
   870 ;; Return value:  Size  Location     Type
   871 ;;                  1    wreg      void 
   872 ;; Registers used:
   873 ;;		wreg, status,2, status,0, pclath, cstack
   874 ;; Tracked objects:
   875 ;;		On entry : 0/0
   876 ;;		On exit  : 0/0
   877 ;;		Unchanged: 0/0
   878 ;; Data sizes:     COMMON   BANK0   BANK1   BANK3   BANK2
   879 ;;      Params:         0       4       0       0       0
   880 ;;      Locals:         0       0       0       0       0
   881 ;;      Temps:          0       4       0       0       0
   882 ;;      Totals:         0       8       0       0       0
   883 ;;Total ram usage:        8 bytes
   884 ;; Hardware stack levels used:    1
   885 ;; Hardware stack levels required when called:    1
   886 ;; This function calls:
   887 ;;		___lldiv
   888 ;; This function is called by:
   889 ;;		_main
   890 ;; This function uses a non-reentrant model
   891 ;;
   892                           
   893                           
   894                           ;psect for function _I2C_Master_Init
   895  0715                     _I2C_Master_Init:
   896  0715                     l799:	
   897                           ;incstack = 0
   898                           ; Regs used in _I2C_Master_Init: [wreg+status,2+status,0+pclath+cstack]
   899                           
   900                           
   901                           ;I2C.c: 16: void I2C_Master_Init(const unsigned long c);I2C.c: 17: {;I2C.c: 18:     SSPC
      +                          ON = 0b00101000;
   902  0715  3028               	movlw	40
   903  0716  1283               	bcf	3,5	;RP0=0, select bank0
   904  0717  1303               	bcf	3,6	;RP1=0, select bank0
   905  0718  0094               	movwf	20	;volatile
   906  0719                     l801:
   907                           
   908                           ;I2C.c: 19:     SSPCON2 = 0;
   909  0719  1683               	bsf	3,5	;RP0=1, select bank1
   910  071A  1303               	bcf	3,6	;RP1=0, select bank1
   911  071B  0191               	clrf	17	;volatile
   912  071C                     l803:
   913                           
   914                           ;I2C.c: 20:     SSPADD = (8000000/(4*c))-1;
   915  071C  1283               	bcf	3,5	;RP0=0, select bank0
   916  071D  1303               	bcf	3,6	;RP1=0, select bank0
   917  071E  0820               	movf	I2C_Master_Init@c,w
   918  071F  00A4               	movwf	??_I2C_Master_Init
   919  0720  0821               	movf	I2C_Master_Init@c+1,w
   920  0721  00A5               	movwf	??_I2C_Master_Init+1
   921  0722  0822               	movf	I2C_Master_Init@c+2,w
   922  0723  00A6               	movwf	??_I2C_Master_Init+2
   923  0724  0823               	movf	I2C_Master_Init@c+3,w
   924  0725  00A7               	movwf	??_I2C_Master_Init+3
   925  0726  3002               	movlw	2
   926  0727                     u195:
   927  0727  1003               	clrc
   928  0728  0DA4               	rlf	??_I2C_Master_Init,f
   929  0729  0DA5               	rlf	??_I2C_Master_Init+1,f
   930  072A  0DA6               	rlf	??_I2C_Master_Init+2,f
   931  072B  0DA7               	rlf	??_I2C_Master_Init+3,f
   932  072C                     u190:
   933  072C  3EFF               	addlw	-1
   934  072D  1D03               	skipz
   935  072E  2F27               	goto	u195
   936  072F  0827               	movf	??_I2C_Master_Init+3,w
   937  0730  00F3               	movwf	___lldiv@divisor+3
   938  0731  0826               	movf	??_I2C_Master_Init+2,w
   939  0732  00F2               	movwf	___lldiv@divisor+2
   940  0733  0825               	movf	??_I2C_Master_Init+1,w
   941  0734  00F1               	movwf	___lldiv@divisor+1
   942  0735  0824               	movf	??_I2C_Master_Init,w
   943  0736  00F0               	movwf	___lldiv@divisor
   944  0737  3000               	movlw	0
   945  0738  00F7               	movwf	___lldiv@dividend+3
   946  0739  307A               	movlw	122
   947  073A  00F6               	movwf	___lldiv@dividend+2
   948  073B  3012               	movlw	18
   949  073C  00F5               	movwf	___lldiv@dividend+1
   950  073D  3000               	movlw	0
   951  073E  00F4               	movwf	___lldiv@dividend
   952  073F  120A  118A  2796  120A  118A  	fcall	___lldiv
   953  0744  0870               	movf	?___lldiv,w
   954  0745  3EFF               	addlw	255
   955  0746  1683               	bsf	3,5	;RP0=1, select bank1
   956  0747  1303               	bcf	3,6	;RP1=0, select bank1
   957  0748  0093               	movwf	19	;volatile
   958  0749                     l805:
   959                           
   960                           ;I2C.c: 21:     SSPSTAT = 0;
   961  0749  0194               	clrf	20	;volatile
   962  074A                     l807:
   963                           
   964                           ;I2C.c: 22:     TRISCbits.TRISC3 = 1;
   965  074A  1587               	bsf	7,3	;volatile
   966  074B                     l809:
   967                           
   968                           ;I2C.c: 23:     TRISCbits.TRISC4 = 1;
   969  074B  1607               	bsf	7,4	;volatile
   970  074C                     l57:
   971  074C  0008               	return
   972  074D                     __end_of_I2C_Master_Init:
   973                           
   974                           	psect	text7
   975  0796                     __ptext7:	
   976 ;; *************** function ___lldiv *****************
   977 ;; Defined at:
   978 ;;		line 5 in file "C:\Program Files\Microchip\xc8\v2.31\pic\sources\c90\common\__lldiv.c"
   979 ;; Parameters:    Size  Location     Type
   980 ;;  divisor         4    0[COMMON] unsigned long 
   981 ;;  dividend        4    4[COMMON] unsigned long 
   982 ;; Auto vars:     Size  Location     Type
   983 ;;  quotient        4    9[COMMON] unsigned long 
   984 ;;  counter         1   13[COMMON] unsigned char 
   985 ;; Return value:  Size  Location     Type
   986 ;;                  4    0[COMMON] unsigned long 
   987 ;; Registers used:
   988 ;;		wreg, status,2, status,0
   989 ;; Tracked objects:
   990 ;;		On entry : 0/0
   991 ;;		On exit  : 0/0
   992 ;;		Unchanged: 0/0
   993 ;; Data sizes:     COMMON   BANK0   BANK1   BANK3   BANK2
   994 ;;      Params:         8       0       0       0       0
   995 ;;      Locals:         5       0       0       0       0
   996 ;;      Temps:          1       0       0       0       0
   997 ;;      Totals:        14       0       0       0       0
   998 ;;Total ram usage:       14 bytes
   999 ;; Hardware stack levels used:    1
  1000 ;; This function calls:
  1001 ;;		Nothing
  1002 ;; This function is called by:
  1003 ;;		_I2C_Master_Init
  1004 ;; This function uses a non-reentrant model
  1005 ;;
  1006                           
  1007                           
  1008                           ;psect for function ___lldiv
  1009  0796                     ___lldiv:
  1010  0796                     l775:	
  1011                           ;incstack = 0
  1012                           ; Regs used in ___lldiv: [wreg+status,2+status,0]
  1013                           
  1014  0796  3000               	movlw	0
  1015  0797  00FC               	movwf	___lldiv@quotient+3
  1016  0798  3000               	movlw	0
  1017  0799  00FB               	movwf	___lldiv@quotient+2
  1018  079A  3000               	movlw	0
  1019  079B  00FA               	movwf	___lldiv@quotient+1
  1020  079C  3000               	movlw	0
  1021  079D  00F9               	movwf	___lldiv@quotient
  1022  079E  0873               	movf	___lldiv@divisor+3,w
  1023  079F  0472               	iorwf	___lldiv@divisor+2,w
  1024  07A0  0471               	iorwf	___lldiv@divisor+1,w
  1025  07A1  0470               	iorwf	___lldiv@divisor,w
  1026  07A2  1903               	skipnz
  1027  07A3  2FA5               	goto	u121
  1028  07A4  2FA6               	goto	u120
  1029  07A5                     u121:
  1030  07A5  2FF3               	goto	l795
  1031  07A6                     u120:
  1032  07A6                     l777:
  1033  07A6  01FD               	clrf	___lldiv@counter
  1034  07A7  0AFD               	incf	___lldiv@counter,f
  1035  07A8  2FB6               	goto	l781
  1036  07A9                     l779:
  1037  07A9  3001               	movlw	1
  1038  07AA  00F8               	movwf	??___lldiv
  1039  07AB                     u135:
  1040  07AB  1003               	clrc
  1041  07AC  0DF0               	rlf	___lldiv@divisor,f
  1042  07AD  0DF1               	rlf	___lldiv@divisor+1,f
  1043  07AE  0DF2               	rlf	___lldiv@divisor+2,f
  1044  07AF  0DF3               	rlf	___lldiv@divisor+3,f
  1045  07B0  0BF8               	decfsz	??___lldiv,f
  1046  07B1  2FAB               	goto	u135
  1047  07B2  3001               	movlw	1
  1048  07B3  00F8               	movwf	??___lldiv
  1049  07B4  0878               	movf	??___lldiv,w
  1050  07B5  07FD               	addwf	___lldiv@counter,f
  1051  07B6                     l781:
  1052  07B6  1FF3               	btfss	___lldiv@divisor+3,7
  1053  07B7  2FB9               	goto	u141
  1054  07B8  2FBA               	goto	u140
  1055  07B9                     u141:
  1056  07B9  2FA9               	goto	l779
  1057  07BA                     u140:
  1058  07BA                     l783:
  1059  07BA  3001               	movlw	1
  1060  07BB  00F8               	movwf	??___lldiv
  1061  07BC                     u155:
  1062  07BC  1003               	clrc
  1063  07BD  0DF9               	rlf	___lldiv@quotient,f
  1064  07BE  0DFA               	rlf	___lldiv@quotient+1,f
  1065  07BF  0DFB               	rlf	___lldiv@quotient+2,f
  1066  07C0  0DFC               	rlf	___lldiv@quotient+3,f
  1067  07C1  0BF8               	decfsz	??___lldiv,f
  1068  07C2  2FBC               	goto	u155
  1069  07C3                     l785:
  1070  07C3  0873               	movf	___lldiv@divisor+3,w
  1071  07C4  0277               	subwf	___lldiv@dividend+3,w
  1072  07C5  1D03               	skipz
  1073  07C6  2FD1               	goto	u165
  1074  07C7  0872               	movf	___lldiv@divisor+2,w
  1075  07C8  0276               	subwf	___lldiv@dividend+2,w
  1076  07C9  1D03               	skipz
  1077  07CA  2FD1               	goto	u165
  1078  07CB  0871               	movf	___lldiv@divisor+1,w
  1079  07CC  0275               	subwf	___lldiv@dividend+1,w
  1080  07CD  1D03               	skipz
  1081  07CE  2FD1               	goto	u165
  1082  07CF  0870               	movf	___lldiv@divisor,w
  1083  07D0  0274               	subwf	___lldiv@dividend,w
  1084  07D1                     u165:
  1085  07D1  1C03               	skipc
  1086  07D2  2FD4               	goto	u161
  1087  07D3  2FD5               	goto	u160
  1088  07D4                     u161:
  1089  07D4  2FE4               	goto	l791
  1090  07D5                     u160:
  1091  07D5                     l787:
  1092  07D5  0870               	movf	___lldiv@divisor,w
  1093  07D6  02F4               	subwf	___lldiv@dividend,f
  1094  07D7  0871               	movf	___lldiv@divisor+1,w
  1095  07D8  1C03               	skipc
  1096  07D9  0F71               	incfsz	___lldiv@divisor+1,w
  1097  07DA  02F5               	subwf	___lldiv@dividend+1,f
  1098  07DB  0872               	movf	___lldiv@divisor+2,w
  1099  07DC  1C03               	skipc
  1100  07DD  0F72               	incfsz	___lldiv@divisor+2,w
  1101  07DE  02F6               	subwf	___lldiv@dividend+2,f
  1102  07DF  0873               	movf	___lldiv@divisor+3,w
  1103  07E0  1C03               	skipc
  1104  07E1  0F73               	incfsz	___lldiv@divisor+3,w
  1105  07E2  02F7               	subwf	___lldiv@dividend+3,f
  1106  07E3                     l789:
  1107  07E3  1479               	bsf	___lldiv@quotient,0
  1108  07E4                     l791:
  1109  07E4  3001               	movlw	1
  1110  07E5                     u175:
  1111  07E5  1003               	clrc
  1112  07E6  0CF3               	rrf	___lldiv@divisor+3,f
  1113  07E7  0CF2               	rrf	___lldiv@divisor+2,f
  1114  07E8  0CF1               	rrf	___lldiv@divisor+1,f
  1115  07E9  0CF0               	rrf	___lldiv@divisor,f
  1116  07EA  3EFF               	addlw	-1
  1117  07EB  1D03               	skipz
  1118  07EC  2FE5               	goto	u175
  1119  07ED                     l793:
  1120  07ED  3001               	movlw	1
  1121  07EE  02FD               	subwf	___lldiv@counter,f
  1122  07EF  1D03               	btfss	3,2
  1123  07F0  2FF2               	goto	u181
  1124  07F1  2FF3               	goto	u180
  1125  07F2                     u181:
  1126  07F2  2FBA               	goto	l783
  1127  07F3                     u180:
  1128  07F3                     l795:
  1129  07F3  087C               	movf	___lldiv@quotient+3,w
  1130  07F4  00F3               	movwf	?___lldiv+3
  1131  07F5  087B               	movf	___lldiv@quotient+2,w
  1132  07F6  00F2               	movwf	?___lldiv+2
  1133  07F7  087A               	movf	___lldiv@quotient+1,w
  1134  07F8  00F1               	movwf	?___lldiv+1
  1135  07F9  0879               	movf	___lldiv@quotient,w
  1136  07FA  00F0               	movwf	?___lldiv
  1137  07FB                     l205:
  1138  07FB  0008               	return
  1139  07FC                     __end_of___lldiv:
  1140  007E                     btemp	set	126	;btemp
  1141  007E                     wtemp0	set	126
  1142                           
  1143                           	psect	config
  1144                           
  1145                           ;Config register CONFIG1 @ 0x2007
  1146                           ;	Oscillator Selection bits
  1147                           ;	FOSC = INTRC_NOCLKOUT, INTOSCIO oscillator: I/O function on RA6/OSC2/CLKOUT pin, I/O f
      +                          unction on RA7/OSC1/CLKIN
  1148                           ;	Watchdog Timer Enable bit
  1149                           ;	WDTE = OFF, WDT disabled and can be enabled by SWDTEN bit of the WDTCON register
  1150                           ;	Power-up Timer Enable bit
  1151                           ;	PWRTE = OFF, PWRT disabled
  1152                           ;	RE3/MCLR pin function select bit
  1153                           ;	MCLRE = OFF, RE3/MCLR pin function is digital input, MCLR internally tied to VDD
  1154                           ;	Code Protection bit
  1155                           ;	CP = OFF, Program memory code protection is disabled
  1156                           ;	Data Code Protection bit
  1157                           ;	CPD = OFF, Data memory code protection is disabled
  1158                           ;	Brown Out Reset Selection bits
  1159                           ;	BOREN = OFF, BOR disabled
  1160                           ;	Internal External Switchover bit
  1161                           ;	IESO = OFF, Internal/External Switchover mode is disabled
  1162                           ;	Fail-Safe Clock Monitor Enabled bit
  1163                           ;	FCMEN = OFF, Fail-Safe Clock Monitor is disabled
  1164                           ;	Low Voltage Programming Enable bit
  1165                           ;	LVP = OFF, RB3 pin has digital I/O, HV on MCLR must be used for programming
  1166                           ;	In-Circuit Debugger Mode bit
  1167                           ;	DEBUG = 0x1, unprogrammed default
  1168  2007                     	org	8199
  1169  2007  20D4               	dw	8404
  1170                           
  1171                           ;Config register CONFIG2 @ 0x2008
  1172                           ;	Brown-out Reset Selection bit
  1173                           ;	BOR4V = BOR40V, Brown-out Reset set to 4.0V
  1174                           ;	Flash Program Memory Self Write Enable bits
  1175                           ;	WRT = OFF, Write protection off
  1176  2008                     	org	8200
  1177  2008  3FFF               	dw	16383

Data Sizes:
    Strings     0
    Constant    0
    Data        0
    BSS         0
    Persistent  0
    Stack       0

Auto Spaces:
    Space          Size  Autos    Used
    COMMON           14     14      14
    BANK0            80     11      11
    BANK1            80      0       0
    BANK3            96      0       0
    BANK2            96      0       0

Pointer List with Targets:

    None.

Critical Paths under _main in COMMON

    _I2C_Master_Init->___lldiv

Critical Paths under _main in BANK0

    _main->_I2C_Master_Init

Critical Paths under _main in BANK1

    None.

Critical Paths under _main in BANK3

    None.

Critical Paths under _main in BANK2

    None.

Call Graph Tables:

 ---------------------------------------------------------------------------------
 (Depth) Function   	        Calls       Base Space   Used Autos Params    Refs
 ---------------------------------------------------------------------------------
 (0) _main                                                 3     3      0     631
                                              8 BANK0      3     3      0
                    _I2C_Master_Init
                    _I2C_Master_Read
                   _I2C_Master_Start
                    _I2C_Master_Stop
                   _I2C_Master_Write
 ---------------------------------------------------------------------------------
 (1) _I2C_Master_Write                                     2     0      2      98
                                              0 COMMON     2     0      2
                    _I2C_Master_Wait
 ---------------------------------------------------------------------------------
 (1) _I2C_Master_Stop                                      0     0      0       0
                    _I2C_Master_Wait
 ---------------------------------------------------------------------------------
 (1) _I2C_Master_Start                                     0     0      0       0
                    _I2C_Master_Wait
 ---------------------------------------------------------------------------------
 (1) _I2C_Master_Read                                      6     4      2     121
                                              0 COMMON     6     4      2
                    _I2C_Master_Wait
 ---------------------------------------------------------------------------------
 (2) _I2C_Master_Wait                                      0     0      0       0
 ---------------------------------------------------------------------------------
 (1) _I2C_Master_Init                                      8     4      4     412
                                              0 BANK0      8     4      4
                            ___lldiv
 ---------------------------------------------------------------------------------
 (2) ___lldiv                                             14     6      8     314
                                              0 COMMON    14     6      8
 ---------------------------------------------------------------------------------
 Estimated maximum stack depth 2
 ---------------------------------------------------------------------------------

 Call Graph Graphs:

 _main (ROOT)
   _I2C_Master_Init
     ___lldiv
   _I2C_Master_Read
     _I2C_Master_Wait
   _I2C_Master_Start
     _I2C_Master_Wait
   _I2C_Master_Stop
     _I2C_Master_Wait
   _I2C_Master_Write
     _I2C_Master_Wait

 Address spaces:
Name               Size   Autos  Total    Cost      Usage
BITCOMMON            E      0       0       0        0.0%
EEDATA             100      0       0       0        0.0%
NULL                 0      0       0       0        0.0%
CODE                 0      0       0       0        0.0%
COMMON               E      E       E       1      100.0%
BITSFR0              0      0       0       1        0.0%
SFR0                 0      0       0       1        0.0%
BITSFR1              0      0       0       2        0.0%
SFR1                 0      0       0       2        0.0%
STACK                0      0       0       2        0.0%
ABS                  0      0       0       3        0.0%
BITBANK0            50      0       0       4        0.0%
BITSFR3              0      0       0       4        0.0%
SFR3                 0      0       0       4        0.0%
BANK0               50      B       B       5       13.8%
BITSFR2              0      0       0       5        0.0%
SFR2                 0      0       0       5        0.0%
BITBANK1            50      0       0       6        0.0%
BANK1               50      0       0       7        0.0%
BITBANK3            60      0       0       8        0.0%
BANK3               60      0       0       9        0.0%
BITBANK2            60      0       0      10        0.0%
BANK2               60      0       0      11        0.0%
DATA                 0      0       0      12        0.0%


Microchip Technology PIC Macro Assembler V2.31 build 20201012212115 
Symbol Table                                                                                   Fri Aug 06 12:48:36 2021

                       l60 06DA                         l63 06E6                         l80 0714  
                       l72 06CF                         l57 074C                         l66 06C6  
                       l75 06D9                         l78 070C                         l79 070F  
                       u10 06E0                         u11 06DF                         u20 06E6  
                       u21 06E5                        l205 07FB                        l801 0719  
                      l803 071C                        l715 06BE                        l811 06D0  
                      l805 0749                        l821 06FD                        l717 06C3  
                      l741 06CC                        l813 06D5                        l807 074A  
                      l823 0702                        l815 06E7                        l831 074D  
                      l809 074B                        l825 0708                        l817 06EC  
                      l841 077E                        l833 0757                        l675 06DA  
                      l827 0710                        l819 06F4                        l739 06C7  
                      l843 0783                        l835 0764                        l781 07B6  
                      l677 06E0                        l837 0769                        l791 07E4  
                      l783 07BA                        l775 0796                        l839 0772  
                      l793 07ED                        l785 07C3                        l777 07A6  
                      l787 07D5                        l779 07A9                        l795 07F3  
                      l789 07E3                        l799 0715                        _GIE 005F  
                      u120 07A6                        u200 0708                        u121 07A5  
                      u201 0707                        u140 07BA                        u141 07B9  
                      u135 07AB                        u160 07D5                        u161 07D4  
                      u217 078B                        u155 07BC                        u180 07F3  
                      u181 07F2                        u165 07D1                        u190 072C  
                      u175 07E5                        u195 0727                       _PEIE 005E  
                     _main 074D                       btemp 007E                       start 0000  
         ?_I2C_Master_Init 0020           ?_I2C_Master_Read 0070           ?_I2C_Master_Wait 0070  
         ?_I2C_Master_Stop 0070                      ?_main 0070                      _ANSEL 0188  
          __end_of___lldiv 07FC                      _PORTB 0006                      _TRISB 0086  
                    _SSPIE 0463                      _SSPIF 0063                      status 0003  
                    wtemp0 007E            __initialization 07FC               __end_of_main 0796  
                   ??_main 0028          ?_I2C_Master_Start 0070          ?_I2C_Master_Write 0070  
       ??_I2C_Master_Start 0070         ??_I2C_Master_Write 0072                     _ANSELH 0189  
                   _SSPADD 0093                     _TRISC3 043B                     _TRISC4 043C  
                   _SSPCON 0014                     _SSPBUF 0013                  ??___lldiv 0078  
  __end_of__initialization 07FC             __pcstackCOMMON 0070                 __pmaintext 074D  
                  _SSPCON2 0091                    _SSPSTAT 0094                    ___lldiv 0796  
                  __ptext1 06D0                    __ptext2 06C7                    __ptext3 06BE  
                  __ptext4 06E7                    __ptext5 06DA                    __ptext6 0715  
                  __ptext7 0796   __size_of_I2C_Master_Init 0038   __size_of_I2C_Master_Read 002E  
 __size_of_I2C_Master_Wait 000D   __size_of_I2C_Master_Stop 0009       end_of_initialization 07FC  
__size_of_I2C_Master_Start 0009  __size_of_I2C_Master_Write 000A            ___lldiv@divisor 0070  
          ___lldiv@counter 007D           I2C_Master_Init@c 0020           I2C_Master_Read@a 0070  
                _TRISCbits 0087        start_initialization 07FC          ??_I2C_Master_Init 0024  
        ??_I2C_Master_Read 0072          ??_I2C_Master_Wait 0070          ??_I2C_Master_Stop 0070  
                ___latbits 0002              __pcstackBANK0 0020           _I2C_Master_Start 06BE  
         _I2C_Master_Write 06D0                   ?___lldiv 0070        I2C_Master_Read@temp 0074  
         __size_of___lldiv 0066            _I2C_Master_Init 0715            _I2C_Master_Read 06E7  
          _I2C_Master_Wait 06DA            _I2C_Master_Stop 06C7              __size_of_main 0049  
 __end_of_I2C_Master_Start 06C7   __end_of_I2C_Master_Write 06DA           ___lldiv@dividend 0074  
  __end_of_I2C_Master_Init 074D    __end_of_I2C_Master_Read 0715    __end_of_I2C_Master_Wait 06E7  
  __end_of_I2C_Master_Stop 06D0           ___lldiv@quotient 0079          I2C_Master_Write@d 0070  
              _SSPCON2bits 0091  
